#
# There is insufficient memory for the Java Runtime Environment to continue.
# Native memory allocation (malloc) failed to allocate 1048576 bytes. Error detail: AllocateHeap
# Possible reasons:
#   The system is out of physical RAM or swap space
#   This process is running with CompressedOops enabled, and the Java Heap may be blocking the growth of the native heap
# Possible solutions:
#   Reduce memory load on the system
#   Increase physical memory or swap space
#   Check if swap backing store is full
#   Decrease Java heap size (-Xmx/-Xms)
#   Decrease number of Java threads
#   Decrease Java thread stack sizes (-Xss)
#   Set larger code cache with -XX:ReservedCodeCacheSize=
#   JVM is running with Unscaled Compressed Oops mode in which the Java heap is
#     placed in the first 4GB address space. The Java Heap base address is the
#     maximum limit for the native heap growth. Please use -XX:HeapBaseMinAddress
#     to set the Java Heap base and to place the Java Heap above 4GB virtual address.
# This output file may be truncated or incomplete.
#
#  Out of Memory Error (allocation.cpp:44), pid=13080, tid=13024
#
# JRE version:  (21.0.7+6) (build )
# Java VM: OpenJDK 64-Bit Server VM (21.0.7+6-LTS, mixed mode, tiered, compressed oops, compressed class ptrs, parallel gc, windows-amd64)
# No core dump will be written. Minidumps are not enabled by default on client versions of Windows
#

---------------  S U M M A R Y ------------

Command Line: --add-modules=ALL-SYSTEM --add-opens=java.base/java.util=ALL-UNNAMED --add-opens=java.base/java.lang=ALL-UNNAMED --add-opens=java.base/sun.nio.fs=ALL-UNNAMED -Declipse.application=org.eclipse.jdt.ls.core.id1 -Dosgi.bundles.defaultStartLevel=4 -Declipse.product=org.eclipse.jdt.ls.core.product -Djava.import.generatesMetadataFilesAtProjectRoot=false -DDetectVMInstallationsJob.disabled=true -Dfile.encoding=utf8 -XX:+UseParallelGC -XX:GCTimeRatio=4 -XX:AdaptiveSizePolicyWeight=90 -Dsun.zip.disableMemoryMapping=true -Xmx2G -Xms100m -Xlog:disable -javaagent:c:\Users\AndryRAK\.vscode\extensions\redhat.java-1.43.1-win32-x64\lombok\lombok-1.18.39-4050.jar c:\Users\AndryRAK\.vscode\extensions\redhat.java-1.43.1-win32-x64\server\plugins\org.eclipse.equinox.launcher_1.7.0.v20250519-0528.jar -configuration c:\Users\AndryRAK\AppData\Roaming\Code\User\globalStorage\redhat.java\1.43.1\config_ss_win -data c:\Users\AndryRAK\AppData\Roaming\Code\User\workspaceStorage\1566b09e2c04269a2c28f4a28c2f4535\redhat.java\ss_ws --pipe=\\.\pipe\lsp-40b0a16b2559bd6be8ace2ba3d45de2b-sock

Host: Intel(R) Core(TM) i3-7100U CPU @ 2.40GHz, 4 cores, 7G,  Windows 10 , 64 bit Build 15063 (10.0.15063.0)
Time: Thu Jul  3 13:45:15 2025 Russia TZ 2 Standard Time elapsed time: 0.079856 seconds (0d 0h 0m 0s)

---------------  T H R E A D  ---------------

Current thread (0x000001cdaa554fa0):  JavaThread "Unknown thread" [_thread_in_vm, id=13024, stack(0x00000008b6700000,0x00000008b6800000) (1024K)]

Stack: [0x00000008b6700000,0x00000008b6800000]
Native frames: (J=compiled Java code, j=interpreted, Vv=VM code, C=native code)
V  [jvm.dll+0x6ce119]
V  [jvm.dll+0x8a84a1]
V  [jvm.dll+0x8aa9ce]
V  [jvm.dll+0x8ab0b3]
V  [jvm.dll+0x27f8a6]
V  [jvm.dll+0xbfba7]
V  [jvm.dll+0x702092]
V  [jvm.dll+0x702dcc]
V  [jvm.dll+0x6dcc63]
V  [jvm.dll+0x871dbc]
V  [jvm.dll+0x3bc47c]
V  [jvm.dll+0x85a848]
V  [jvm.dll+0x45080e]
V  [jvm.dll+0x452451]
C  [jli.dll+0x5278]
C  [ucrtbase.dll+0x20369]
C  [KERNEL32.DLL+0x12774]
C  [ntdll.dll+0x70d61]


---------------  P R O C E S S  ---------------

Threads class SMR info:
_java_thread_list=0x000001cdac8ab910, length=1, elements={
0x000001cdaa554fa0
}

Java Threads: ( => current thread )
=>0x000001cdaa554fa0 JavaThread "Unknown thread"             [_thread_in_vm, id=13024, stack(0x00000008b6700000,0x00000008b6800000) (1024K)]
Total: 1

Other Threads:
  0x000001cdac71cb40 WatcherThread "VM Periodic Task Thread"        [id=4216, stack(0x00000008b6900000,0x00000008b6a00000) (1024K)]
  0x000001cdac8a33f0 WorkerThread "GC Thread#0"                     [id=11132, stack(0x00000008b6800000,0x00000008b6900000) (1024K)]
Total: 2

Threads with active compile tasks:
Total: 0

VM state: not at safepoint (normal execution)

VM Mutex/Monitor currently owned by a thread: None

Heap address: 0x0000000080000000, size: 2048 MB, Compressed Oops mode: 32-bit

CDS archive(s) not mapped
Compressed class space mapped at: 0x0000000100000000-0x0000000140000000, reserved size: 1073741824
Narrow klass base: 0x0000000000000000, Narrow klass shift: 3, Narrow klass range: 0x140000000

GC Precious Log:
 CardTable entry size: 512
 CPUs: 4 total, 4 available
 Memory: 8057M
 Large Page Support: Disabled
 NUMA Support: Disabled
 Compressed Oops: Enabled (32-bit)
 Alignments: Space 512K, Generation 512K, Heap 2M
 Heap Min Capacity: 100M
 Heap Initial Capacity: 100M
 Heap Max Capacity: 2G
 Pre-touch: Disabled
 Parallel Workers: 4

Heap:
 PSYoungGen      total 29696K, used 512K [0x00000000d5580000, 0x00000000d7680000, 0x0000000100000000)
  eden space 25600K, 2% used [0x00000000d5580000,0x00000000d5600070,0x00000000d6e80000)
  from space 4096K, 0% used [0x00000000d7280000,0x00000000d7280000,0x00000000d7680000)
  to   space 4096K, 0% used [0x00000000d6e80000,0x00000000d6e80000,0x00000000d7280000)
 ParOldGen       total 68608K, used 0K [0x0000000080000000, 0x0000000084300000, 0x00000000d5580000)
  object space 68608K, 0% used [0x0000000080000000,0x0000000080000000,0x0000000084300000)
 Metaspace       used 1392K, committed 1472K, reserved 1114112K
  class space    used 109K, committed 128K, reserved 1048576K

Card table byte_map: [0x000001cdac230000,0x000001cdac640000] _byte_map_base: 0x000001cdabe30000

Marking Bits: (ParMarkBitMap*) 0x00007ffa470731f0
 Begin Bits: [0x000001cdbed30000, 0x000001cdc0d30000)
 End Bits:   [0x000001cdc0d30000, 0x000001cdc2d30000)

Polling page: 0x000001cdaa750000

Metaspace:

Usage:
  Non-class:      1.25 MB used.
      Class:    109.63 KB used.
       Both:      1.36 MB used.

Virtual space:
  Non-class space:       64.00 MB reserved,       1.31 MB (  2%) committed,  1 nodes.
      Class space:        1.00 GB reserved,     128.00 KB ( <1%) committed,  1 nodes.
             Both:        1.06 GB reserved,       1.44 MB ( <1%) committed. 

Chunk freelists:
   Non-Class:  12.00 MB
       Class:  15.75 MB
        Both:  27.75 MB

MaxMetaspaceSize: unlimited
CompressedClassSpaceSize: 1.00 GB
Initial GC threshold: 21.00 MB
Current GC threshold: 17179869184.00 GB
CDS: off
 - commit_granule_bytes: 65536.
 - commit_granule_words: 8192.
 - virtual_space_node_default_size: 8388608.
 - enlarge_chunks_in_place: 1.
 - use_allocation_guard: 0.


Internal statistics:

num_allocs_failed_limit: 0.
num_arena_births: 2.
num_arena_deaths: 0.
num_vsnodes_births: 2.
num_vsnodes_deaths: 0.
num_space_committed: 23.
num_space_uncommitted: 0.
num_chunks_returned_to_freelist: 0.
num_chunks_taken_from_freelist: 3.
num_chunk_merges: 0.
num_chunk_splits: 2.
num_chunks_enlarged: 0.
num_inconsistent_stats: 0.

CodeHeap 'non-profiled nmethods': size=120000Kb used=0Kb max_used=0Kb free=120000Kb
 bounds [0x000001cdb7550000, 0x000001cdb77c0000, 0x000001cdbea80000]
CodeHeap 'profiled nmethods': size=120000Kb used=0Kb max_used=0Kb free=120000Kb
 bounds [0x000001cdafa80000, 0x000001cdafcf0000, 0x000001cdb6fb0000]
CodeHeap 'non-nmethods': size=5760Kb used=194Kb max_used=342Kb free=5565Kb
 bounds [0x000001cdb6fb0000, 0x000001cdb7220000, 0x000001cdb7550000]
 total_blobs=70 nmethods=0 adapters=48
 compilation: enabled
              stopped_count=0, restarted_count=0
 full_count=0

Compilation events (0 events):
No events

GC Heap History (0 events):
No events

Dll operation events (2 events):
Event: 0.011 Loaded shared library c:\Users\AndryRAK\.vscode\extensions\redhat.java-1.43.1-win32-x64\jre\21.0.7-win32-x86_64\bin\java.dll
Event: 0.023 Loaded shared library c:\Users\AndryRAK\.vscode\extensions\redhat.java-1.43.1-win32-x64\jre\21.0.7-win32-x86_64\bin\zip.dll

Deoptimization events (0 events):
No events

Classes loaded (20 events):
Event: 0.070 Loading class java/util/Iterator
Event: 0.070 Loading class java/util/Iterator done
Event: 0.070 Loading class java/lang/reflect/RecordComponent
Event: 0.071 Loading class java/lang/reflect/RecordComponent done
Event: 0.071 Loading class jdk/internal/vm/vector/VectorSupport
Event: 0.072 Loading class jdk/internal/vm/vector/VectorSupport done
Event: 0.072 Loading class jdk/internal/vm/vector/VectorSupport$VectorPayload
Event: 0.072 Loading class jdk/internal/vm/vector/VectorSupport$VectorPayload done
Event: 0.072 Loading class jdk/internal/vm/vector/VectorSupport$Vector
Event: 0.072 Loading class jdk/internal/vm/vector/VectorSupport$Vector done
Event: 0.072 Loading class jdk/internal/vm/vector/VectorSupport$VectorMask
Event: 0.072 Loading class jdk/internal/vm/vector/VectorSupport$VectorMask done
Event: 0.072 Loading class jdk/internal/vm/vector/VectorSupport$VectorShuffle
Event: 0.072 Loading class jdk/internal/vm/vector/VectorSupport$VectorShuffle done
Event: 0.072 Loading class jdk/internal/vm/FillerObject
Event: 0.072 Loading class jdk/internal/vm/FillerObject done
Event: 0.077 Loading class java/lang/NullPointerException
Event: 0.077 Loading class java/lang/NullPointerException done
Event: 0.077 Loading class java/lang/ArithmeticException
Event: 0.077 Loading class java/lang/ArithmeticException done

Classes unloaded (0 events):
No events

Classes redefined (0 events):
No events

Internal exceptions (0 events):
No events

ZGC Phase Switch (0 events):
No events

VM Operations (0 events):
No events

Memory protections (0 events):
No events

Nmethod flushes (0 events):
No events

Events (1 events):
Event: 0.020 Thread 0x000001cdaa554fa0 Thread added: 0x000001cdaa554fa0


Dynamic libraries:
0x00007ff689850000 - 0x00007ff68985e000 	c:\Users\AndryRAK\.vscode\extensions\redhat.java-1.43.1-win32-x64\jre\21.0.7-win32-x86_64\bin\java.exe
0x00007ffa94780000 - 0x00007ffa9495b000 	C:\Windows\SYSTEM32\ntdll.dll
0x00007ffa91ce0000 - 0x00007ffa91d8e000 	C:\Windows\System32\KERNEL32.DLL
0x00007ffa91720000 - 0x00007ffa91969000 	C:\Windows\System32\KERNELBASE.dll
0x00007ffa91970000 - 0x00007ffa91a66000 	C:\Windows\System32\ucrtbase.dll
0x00007ffa74040000 - 0x00007ffa74058000 	c:\Users\AndryRAK\.vscode\extensions\redhat.java-1.43.1-win32-x64\jre\21.0.7-win32-x86_64\bin\jli.dll
0x00007ffa94100000 - 0x00007ffa9424a000 	C:\Windows\System32\USER32.dll
0x00007ffa90fa0000 - 0x00007ffa90fbe000 	C:\Windows\System32\win32u.dll
0x00007ffa93e40000 - 0x00007ffa93e67000 	C:\Windows\System32\GDI32.dll
0x00007ffa90d10000 - 0x00007ffa90e99000 	C:\Windows\System32\gdi32full.dll
0x00007ffa91c40000 - 0x00007ffa91cda000 	C:\Windows\System32\msvcp_win.dll
0x00007ffa72990000 - 0x00007ffa729ae000 	c:\Users\AndryRAK\.vscode\extensions\redhat.java-1.43.1-win32-x64\jre\21.0.7-win32-x86_64\bin\VCRUNTIME140.dll
0x00007ffa82480000 - 0x00007ffa826e7000 	C:\Windows\WinSxS\amd64_microsoft.windows.common-controls_6595b64144ccf1df_6.0.15063.0_none_108e4f62dfe5d999\COMCTL32.dll
0x00007ffa93f40000 - 0x00007ffa93fdd000 	C:\Windows\System32\msvcrt.dll
0x00007ffa942d0000 - 0x00007ffa945c9000 	C:\Windows\System32\combase.dll
0x00007ffa93d10000 - 0x00007ffa93e35000 	C:\Windows\System32\RPCRT4.dll
0x00007ffa90ca0000 - 0x00007ffa90d0a000 	C:\Windows\System32\bcryptPrimitives.dll
0x00007ffa93ba0000 - 0x00007ffa93bcd000 	C:\Windows\System32\IMM32.DLL
0x00007ffa84260000 - 0x00007ffa8426c000 	c:\Users\AndryRAK\.vscode\extensions\redhat.java-1.43.1-win32-x64\jre\21.0.7-win32-x86_64\bin\vcruntime140_1.dll
0x00007ffa6c0f0000 - 0x00007ffa6c17d000 	c:\Users\AndryRAK\.vscode\extensions\redhat.java-1.43.1-win32-x64\jre\21.0.7-win32-x86_64\bin\msvcp140.dll
0x00007ffa463c0000 - 0x00007ffa47150000 	c:\Users\AndryRAK\.vscode\extensions\redhat.java-1.43.1-win32-x64\jre\21.0.7-win32-x86_64\bin\server\jvm.dll
0x00007ffa91e00000 - 0x00007ffa91ea1000 	C:\Windows\System32\ADVAPI32.dll
0x00007ffa91da0000 - 0x00007ffa91df9000 	C:\Windows\System32\sechost.dll
0x00007ffa90c30000 - 0x00007ffa90c7c000 	C:\Windows\System32\POWRPROF.dll
0x00007ffa93ed0000 - 0x00007ffa93f3c000 	C:\Windows\System32\WS2_32.dll
0x00007ffa8f0e0000 - 0x00007ffa8f103000 	C:\Windows\SYSTEM32\WINMM.dll
0x00007ffa85430000 - 0x00007ffa8543a000 	C:\Windows\SYSTEM32\VERSION.dll
0x00007ffa8f080000 - 0x00007ffa8f0ab000 	C:\Windows\SYSTEM32\WINMMBASE.dll
0x00007ffa90ea0000 - 0x00007ffa90ee9000 	C:\Windows\System32\cfgmgr32.dll
0x00007ffa90c80000 - 0x00007ffa90c91000 	C:\Windows\System32\kernel.appcore.dll
0x00007ffa83b40000 - 0x00007ffa83b4a000 	c:\Users\AndryRAK\.vscode\extensions\redhat.java-1.43.1-win32-x64\jre\21.0.7-win32-x86_64\bin\jimage.dll
0x00007ffa8cdc0000 - 0x00007ffa8cf69000 	C:\Windows\SYSTEM32\DBGHELP.DLL
0x00007ffa7dcf0000 - 0x00007ffa7dd19000 	C:\Windows\SYSTEM32\dbgcore.DLL
0x00007ffa82290000 - 0x00007ffa8229f000 	c:\Users\AndryRAK\.vscode\extensions\redhat.java-1.43.1-win32-x64\jre\21.0.7-win32-x86_64\bin\instrument.dll
0x00007ffa72790000 - 0x00007ffa727af000 	c:\Users\AndryRAK\.vscode\extensions\redhat.java-1.43.1-win32-x64\jre\21.0.7-win32-x86_64\bin\java.dll
0x00007ffa6fac0000 - 0x00007ffa6fad8000 	c:\Users\AndryRAK\.vscode\extensions\redhat.java-1.43.1-win32-x64\jre\21.0.7-win32-x86_64\bin\zip.dll

dbghelp: loaded successfully - version: 4.0.5 - missing functions: none
symbol engine: initialized successfully - sym options: 0x614 - pdb path: .;c:\Users\AndryRAK\.vscode\extensions\redhat.java-1.43.1-win32-x64\jre\21.0.7-win32-x86_64\bin;C:\Windows\SYSTEM32;C:\Windows\WinSxS\amd64_microsoft.windows.common-controls_6595b64144ccf1df_6.0.15063.0_none_108e4f62dfe5d999;c:\Users\AndryRAK\.vscode\extensions\redhat.java-1.43.1-win32-x64\jre\21.0.7-win32-x86_64\bin\server

VM Arguments:
jvm_args: --add-modules=ALL-SYSTEM --add-opens=java.base/java.util=ALL-UNNAMED --add-opens=java.base/java.lang=ALL-UNNAMED --add-opens=java.base/sun.nio.fs=ALL-UNNAMED -Declipse.application=org.eclipse.jdt.ls.core.id1 -Dosgi.bundles.defaultStartLevel=4 -Declipse.product=org.eclipse.jdt.ls.core.product -Djava.import.generatesMetadataFilesAtProjectRoot=false -DDetectVMInstallationsJob.disabled=true -Dfile.encoding=utf8 -XX:+UseParallelGC -XX:GCTimeRatio=4 -XX:AdaptiveSizePolicyWeight=90 -Dsun.zip.disableMemoryMapping=true -Xmx2G -Xms100m -Xlog:disable -javaagent:c:\Users\AndryRAK\.vscode\extensions\redhat.java-1.43.1-win32-x64\lombok\lombok-1.18.39-4050.jar 
java_command: c:\Users\AndryRAK\.vscode\extensions\redhat.java-1.43.1-win32-x64\server\plugins\org.eclipse.equinox.launcher_1.7.0.v20250519-0528.jar -configuration c:\Users\AndryRAK\AppData\Roaming\Code\User\globalStorage\redhat.java\1.43.1\config_ss_win -data c:\Users\AndryRAK\AppData\Roaming\Code\User\workspaceStorage\1566b09e2c04269a2c28f4a28c2f4535\redhat.java\ss_ws --pipe=\\.\pipe\lsp-40b0a16b2559bd6be8ace2ba3d45de2b-sock
java_class_path (initial): c:\Users\AndryRAK\.vscode\extensions\redhat.java-1.43.1-win32-x64\server\plugins\org.eclipse.equinox.launcher_1.7.0.v20250519-0528.jar
Launcher Type: SUN_STANDARD

[Global flags]
    uintx AdaptiveSizePolicyWeight                 = 90                                        {product} {command line}
     intx CICompilerCount                          = 3                                         {product} {ergonomic}
    uintx GCTimeRatio                              = 4                                         {product} {command line}
   size_t InitialHeapSize                          = 104857600                                 {product} {command line}
   size_t MaxHeapSize                              = 2147483648                                {product} {command line}
   size_t MaxNewSize                               = 715653120                                 {product} {ergonomic}
   size_t MinHeapDeltaBytes                        = 524288                                    {product} {ergonomic}
   size_t MinHeapSize                              = 104857600                                 {product} {command line}
   size_t NewSize                                  = 34603008                                  {product} {ergonomic}
    uintx NonNMethodCodeHeapSize                   = 5832780                                {pd product} {ergonomic}
    uintx NonProfiledCodeHeapSize                  = 122912730                              {pd product} {ergonomic}
   size_t OldSize                                  = 70254592                                  {product} {ergonomic}
    uintx ProfiledCodeHeapSize                     = 122912730                              {pd product} {ergonomic}
    uintx ReservedCodeCacheSize                    = 251658240                              {pd product} {ergonomic}
     bool SegmentedCodeCache                       = true                                      {product} {ergonomic}
   size_t SoftMaxHeapSize                          = 2147483648                             {manageable} {ergonomic}
     bool UseCompressedOops                        = true                           {product lp64_product} {ergonomic}
     bool UseLargePagesIndividualAllocation        = false                                  {pd product} {ergonomic}
     bool UseParallelGC                            = true                                      {product} {command line}

Logging:
Log output configuration:
 #0: stdout all=off uptime,level,tags foldmultilines=false
 #1: stderr all=off uptime,level,tags foldmultilines=false

Environment Variables:
JAVA_HOME=C:\Users\AndryRAK\AppData\Local\Programs\Eclipse Adoptium\jdk-17.0.10.7-hotspot\
CLASSPATH=.;C:\connector\ojdbc6.jar;C:\connector\mysql-connector-j-9.1.0.jar;D:\lib\postgresql-42.6.0.jar;D:\lib\servlet-api.jar;
PATH=C:\app\AndryRAK\product\11.2.0\dbhome_1\bin;D:\app\AndryRAK\product\11.2.0\dbhome_2\bin;D:\home_oracle\bin;C:\Program Files\Common Files\Oracle\Java\javapath;C:\Windows\system32;C:\Windows;C:\Windows\System32\Wbem;C:\Windows\System32\WindowsPowerShell\v1.0\;C:\MinGW\bin;C:\xampp\php;C:\Program Files\Git\cmd;C:\Program Files\dotnet\;C:\Program Files\Microsoft SQL Server\150\Tools\Binn\;C:\Program Files\nodejs\;D:\mysql-connector-cpp\lib64;D:\cmake-4.0.1;C:\Program Files\CMake\bin;D:\mingw64\bin;C:\Users\AndryRAK\Desktop\C++\natation\SFML\bin;D:\apache-maven-3.9.6\bin;C:\Users\AndryRAK\AppData\Local\Programs\Microsoft VS Code\bin;C:\Users\AndryRAK\AppData\Local\Programs\Python\Python313\python.exe;C:\Users\AndryRAK\AppData\Local\Programs\Python\Python312\Scripts\;C:\Users\AndryRAK\AppData\Local\Programs\Python\Python312\;C:\Users\Andry RAK\AppData\Local\Programs\Python\Python313\Scripts\;C:\Users\Andry RAK\AppData\Local\Programs\Python\Python313\;C:\Users\Andry RAK\AppData\Local\Programs\Eclipse Adoptium\jdk-17.0.10.7-hotspot\bin;C:\Users\AndryRAK\AppData\Local\Microsoft\WindowsApps;C:\Users\Andry RAK\AppData\Local\Programs\Microsoft VS Code\bin;C:\Users\Andry RAK\AppData\Local\GitHubDesktop\bin;C:\Users\AndryRAK\.dotnet\tools;C:\Users\Andry RAK\AppData\Roaming\npm;C:\Users\AndryRAK\AppData\Local\GitHubDesktop\bin
USERNAME=Andry RAK
OS=Windows_NT
PROCESSOR_IDENTIFIER=Intel64 Family 6 Model 142 Stepping 9, GenuineIntel
TMP=C:\Users\AndryRAK\AppData\Local\Temp
TEMP=C:\Users\AndryRAK\AppData\Local\Temp




Periodic native trim disabled

---------------  S Y S T E M  ---------------

OS:
 Windows 10 , 64 bit Build 15063 (10.0.15063.0)
OS uptime: 0 days 17:47 hours

CPU: total 4 (initial active 4) (2 cores per cpu, 2 threads per core) family 6 model 142 stepping 9 microcode 0x8e, cx8, cmov, fxsr, ht, mmx, 3dnowpref, sse, sse2, sse3, ssse3, sse4.1, sse4.2, popcnt, lzcnt, tsc, tscinvbit, avx, avx2, aes, erms, clmul, bmi1, bmi2, adx, fma, vzeroupper, clflush, clflushopt, rdtscp, f16c
Processor Information for the first 4 processors :
  Max Mhz: 2400, Current Mhz: 2400, Mhz Limit: 2400

Memory: 4k page, system-wide physical 8057M (1987M free)
TotalPageFile size 9281M (AvailPageFile size 5M)
current process WorkingSet (physical memory assigned to process): 17M, peak: 17M
current process commit charge ("private bytes"): 189M, peak: 191M

vm_info: OpenJDK 64-Bit Server VM (21.0.7+6-LTS) for windows-amd64 JRE (21.0.7+6-LTS), built on 2025-04-15T00:00:00Z by "admin" with MS VC++ 17.7 (VS2022)

END.
