#
# There is insufficient memory for the Java Runtime Environment to continue.
# Native memory allocation (mmap) failed to map 65536 bytes. Error detail: Failed to commit metaspace.
# Possible reasons:
#   The system is out of physical RAM or swap space
#   This process is running with CompressedOops enabled, and the Java Heap may be blocking the growth of the native heap
# Possible solutions:
#   Reduce memory load on the system
#   Increase physical memory or swap space
#   Check if swap backing store is full
#   Decrease Java heap size (-Xmx/-Xms)
#   Decrease number of Java threads
#   Decrease Java thread stack sizes (-Xss)
#   Set larger code cache with -XX:ReservedCodeCacheSize=
#   JVM is running with Unscaled Compressed Oops mode in which the Java heap is
#     placed in the first 4GB address space. The Java Heap base address is the
#     maximum limit for the native heap growth. Please use -XX:HeapBaseMinAddress
#     to set the Java Heap base and to place the Java Heap above 4GB virtual address.
# This output file may be truncated or incomplete.
#
#  Out of Memory Error (virtualSpaceNode.cpp:113), pid=8584, tid=5960
#
# JRE version: OpenJDK Runtime Environment Temurin-21.0.7+6 (21.0.7+6) (build 21.0.7+6-LTS)
# Java VM: OpenJDK 64-Bit Server VM Temurin-21.0.7+6 (21.0.7+6-LTS, mixed mode, sharing, tiered, compressed oops, compressed class ptrs, parallel gc, windows-amd64)
# No core dump will be written. Minidumps are not enabled by default on client versions of Windows
#

---------------  S U M M A R Y ------------

Command Line: --add-modules=ALL-SYSTEM --add-opens=java.base/java.util=ALL-UNNAMED --add-opens=java.base/java.lang=ALL-UNNAMED --add-opens=java.base/sun.nio.fs=ALL-UNNAMED -Declipse.application=org.eclipse.jdt.ls.core.id1 -Dosgi.bundles.defaultStartLevel=4 -Declipse.product=org.eclipse.jdt.ls.core.product -Djava.import.generatesMetadataFilesAtProjectRoot=false -DDetectVMInstallationsJob.disabled=true -Dfile.encoding=utf8 -XX:+UseParallelGC -XX:GCTimeRatio=4 -XX:AdaptiveSizePolicyWeight=90 -Dsun.zip.disableMemoryMapping=true -Xmx2G -Xms100m -Xlog:disable -javaagent:c:\Users\AndryRAK\.vscode\extensions\redhat.java-1.43.1-win32-x64\lombok\lombok-1.18.39-4050.jar c:\Users\AndryRAK\.vscode\extensions\redhat.java-1.43.1-win32-x64\server\plugins\org.eclipse.equinox.launcher_1.7.0.v20250519-0528.jar -configuration c:\Users\AndryRAK\AppData\Roaming\Code\User\globalStorage\redhat.java\1.43.1\config_ss_win -data c:\Users\AndryRAK\AppData\Roaming\Code\User\workspaceStorage\1566b09e2c04269a2c28f4a28c2f4535\redhat.java\ss_ws --pipe=\\.\pipe\lsp-f481f9948a054a2f7abccf79f99057c2-sock

Host: Intel(R) Core(TM) i3-7100U CPU @ 2.40GHz, 4 cores, 7G,  Windows 10 , 64 bit Build 15063 (10.0.15063.0)
Time: Thu Jul  3 13:43:32 2025 Russia TZ 2 Standard Time elapsed time: 1.204929 seconds (0d 0h 0m 1s)

---------------  T H R E A D  ---------------

Current thread (0x000002d2b88fe070):  JavaThread "main"             [_thread_in_vm, id=5960, stack(0x000000dd95900000,0x000000dd95a00000) (1024K)]

Stack: [0x000000dd95900000,0x000000dd95a00000]
Native frames: (J=compiled Java code, j=interpreted, Vv=VM code, C=native code)
V  [jvm.dll+0x6ce119]
V  [jvm.dll+0x8a84a1]
V  [jvm.dll+0x8aa9ce]
V  [jvm.dll+0x8ab0b3]
V  [jvm.dll+0x27f8a6]
V  [jvm.dll+0x8a41ee]
V  [jvm.dll+0x670575]
V  [jvm.dll+0x6705da]
V  [jvm.dll+0x672dc2]
V  [jvm.dll+0x672c92]
V  [jvm.dll+0x670f4e]
V  [jvm.dll+0x2695bf]
V  [jvm.dll+0x67b1b5]
V  [jvm.dll+0x21563d]
V  [jvm.dll+0x215bba]
V  [jvm.dll+0x2165e5]
V  [jvm.dll+0x20bbae]
V  [jvm.dll+0x5ae58c]
V  [jvm.dll+0x21d26a]
V  [jvm.dll+0x820d6c]
V  [jvm.dll+0x821d94]
V  [jvm.dll+0x822362]
V  [jvm.dll+0x821fe8]
V  [jvm.dll+0x26cf1b]
V  [jvm.dll+0x3d493e]
C  0x000002d2c304925f

The last pc belongs to new (printed below).
Java frames: (J=compiled Java code, j=interpreted, Vv=VM code)
j  sun.security.pkcs.PKCS9Attributes.decode(Lsun/security/util/DerInputStream;)[B+48 java.base@21.0.7
j  sun.security.pkcs.PKCS9Attributes.<init>(Lsun/security/util/DerInputStream;Z)V+29 java.base@21.0.7
j  sun.security.pkcs.SignerInfo.<init>(Lsun/security/util/DerInputStream;Z)V+200 java.base@21.0.7
j  sun.security.pkcs.SignerInfo.<init>(Lsun/security/util/DerInputStream;)V+3 java.base@21.0.7
j  sun.security.pkcs.PKCS7.parseSignedData(Lsun/security/util/DerValue;)V+628 java.base@21.0.7
j  sun.security.pkcs.PKCS7.parse(Lsun/security/util/DerInputStream;Z)V+51 java.base@21.0.7
j  sun.security.pkcs.PKCS7.parse(Lsun/security/util/DerInputStream;)V+11 java.base@21.0.7
j  sun.security.pkcs.PKCS7.<init>([B)V+50 java.base@21.0.7
j  sun.security.util.SignatureFileVerifier.<init>(Ljava/util/ArrayList;Lsun/security/util/ManifestDigester;Ljava/lang/String;[B)V+35 java.base@21.0.7
j  java.util.jar.JarVerifier.processEntry(Lsun/security/util/ManifestEntryVerifier;)V+319 java.base@21.0.7
j  java.util.jar.JarVerifier.update(I[BIILsun/security/util/ManifestEntryVerifier;)V+39 java.base@21.0.7
j  java.util.jar.JarFile.initializeVerifier()V+164 java.base@21.0.7
j  java.util.jar.JarFile.ensureInitialization()V+36 java.base@21.0.7
j  java.util.jar.JavaUtilJarAccessImpl.ensureInitialization(Ljava/util/jar/JarFile;)V+1 java.base@21.0.7
j  jdk.internal.loader.URLClassPath$JarLoader$2.getManifest()Ljava/util/jar/Manifest;+10 java.base@21.0.7
j  jdk.internal.loader.BuiltinClassLoader.defineClass(Ljava/lang/String;Ljdk/internal/loader/Resource;)Ljava/lang/Class;+29 java.base@21.0.7
j  jdk.internal.loader.BuiltinClassLoader.findClassOnClassPathOrNull(Ljava/lang/String;)Ljava/lang/Class;+37 java.base@21.0.7
j  jdk.internal.loader.BuiltinClassLoader.loadClassOrNull(Ljava/lang/String;Z)Ljava/lang/Class;+111 java.base@21.0.7
j  jdk.internal.loader.BuiltinClassLoader.loadClass(Ljava/lang/String;Z)Ljava/lang/Class;+3 java.base@21.0.7
j  jdk.internal.loader.ClassLoaders$AppClassLoader.loadClass(Ljava/lang/String;Z)Ljava/lang/Class;+36 java.base@21.0.7
j  java.lang.ClassLoader.loadClass(Ljava/lang/String;)Ljava/lang/Class;+3 java.base@21.0.7
v  ~StubRoutines::call_stub 0x000002d2c303100d
j  java.lang.Class.forName0(Ljava/lang/String;ZLjava/lang/ClassLoader;Ljava/lang/Class;)Ljava/lang/Class;+0 java.base@21.0.7
j  java.lang.Class.forName(Ljava/lang/String;ZLjava/lang/ClassLoader;Ljava/lang/Class;)Ljava/lang/Class;+37 java.base@21.0.7
j  java.lang.Class.forName(Ljava/lang/String;ZLjava/lang/ClassLoader;)Ljava/lang/Class;+20 java.base@21.0.7
j  sun.launcher.LauncherHelper.loadMainClass(ILjava/lang/String;)Ljava/lang/Class;+95 java.base@21.0.7
j  sun.launcher.LauncherHelper.checkAndLoadMain(ZILjava/lang/String;)Ljava/lang/Class;+42 java.base@21.0.7
v  ~StubRoutines::call_stub 0x000002d2c303100d
new  187 new  [0x000002d2c30490e0, 0x000002d2c30492e8]  520 bytes
[MachCode]
  0x000002d2c30490e0: 4883 ec08 | c5fa 1104 | 24eb 1f48 | 83ec 10c5 | fb11 0424 | eb14 4883 | ec10 4889 | 0424 48c7 
  0x000002d2c3049100: 4424 0800 | 0000 00eb | 0150 410f | b755 010f | cac1 ea10 | 488b 4de8 | 488b 4908 | 488b 4908 
  0x000002d2c3049120: 488b 4108 | 807c 1004 | 070f 85d3 | 0000 0066 | 8b54 d148 | 488b 4928 | 488b 4cd1 | 0851 80b9 
  0x000002d2c3049140: 2101 0000 | 040f 85b6 | 0000 008b | 5108 f6c2 | 010f 85aa | 0000 0049 | 8b87 b801 | 0000 488d 
  0x000002d2c3049160: 1c10 493b | 9fc8 0100 | 000f 8792 | 0000 0049 | 899f b801 | 0000 4883 | ea10 0f84 | 0f00 0000 
  0x000002d2c3049180: 33c9 c1ea | 0348 894c | d008 48ff | ca75 f648 | c700 0100 | 0000 5933 | f689 700c | 49ba 0000 
  0x000002d2c30491a0: 00d0 d202 | 0000 492b | ca89 4808 | 49ba 3e5b | 0547 fa7f | 0000 4180 | 3a00 0f84 | 3c00 0000 
  0x000002d2c30491c0: 5048 8bc8 | 4883 ec20 | 40f6 c40f | 0f84 1900 | 0000 4883 | ec08 48b8 | 904b af46 | fa7f 0000 
  0x000002d2c30491e0: ffd0 4883 | c408 e90c | 0000 0048 | b890 4baf | 46fa 7f00 | 00ff d048 | 83c4 2058 | e9cb 0000 
  0x000002d2c3049200: 0059 488b | 55e8 488b | 5208 488b | 5208 450f | b745 0141 | 0fc8 41c1 | e810 e805 | 0000 00e9 
  0x000002d2c3049220: a800 0000 | 488d 4424 | 084c 896d | c049 8bcf | c5f8 7749 | 89af a803 | 0000 4989 | 8798 0300 
  0x000002d2c3049240: 0048 83ec | 2040 f6c4 | 0f0f 8419 | 0000 0048 | 83ec 0848 | b8f0 4879 | 46fa 7f00 | 00ff d048 
  0x000002d2c3049260: 83c4 08e9 | 0c00 0000 | 48b8 f048 | 7946 fa7f | 0000 ffd0 | 4883 c420 | 49c7 8798 | 0300 0000 
  0x000002d2c3049280: 0000 0049 | c787 a803 | 0000 0000 | 0000 49c7 | 87a0 0300 | 0000 0000 | 00c5 f877 | 4983 7f08 
  0x000002d2c30492a0: 000f 8405 | 0000 00e9 | 547c feff | 498b 87f0 | 0300 0049 | c787 f003 | 0000 0000 | 0000 4c8b 
  0x000002d2c30492c0: 6dc0 4c8b | 75c8 4e8d | 74f5 00c3 | 410f b65d | 0349 83c5 | 0349 bab0 | 2008 47fa | 7f00 0041 
  0x000002d2c30492e0: ff24 da0f | 1f44 0000 
[/MachCode]

---------------  P R O C E S S  ---------------

Threads class SMR info:
_java_thread_list=0x000002d3152dde20, length=12, elements={
0x000002d2b88fe070, 0x000002d2cf2de500, 0x000002d2cf2dfd60, 0x000002d2cf2e3860,
0x000002d2cf2e4770, 0x000002d2cf2e5580, 0x000002d2cf2e6fe0, 0x000002d2cf2e7d60,
0x000002d2cf358b40, 0x000002d2cf3a9320, 0x000002d3151a0760, 0x000002d315175ed0
}

Java Threads: ( => current thread )
=>0x000002d2b88fe070 JavaThread "main"                              [_thread_in_vm, id=5960, stack(0x000000dd95900000,0x000000dd95a00000) (1024K)]
  0x000002d2cf2de500 JavaThread "Reference Handler"          daemon [_thread_blocked, id=13808, stack(0x000000dd95e00000,0x000000dd95f00000) (1024K)]
  0x000002d2cf2dfd60 JavaThread "Finalizer"                  daemon [_thread_blocked, id=8996, stack(0x000000dd95f00000,0x000000dd96000000) (1024K)]
  0x000002d2cf2e3860 JavaThread "Signal Dispatcher"          daemon [_thread_blocked, id=6816, stack(0x000000dd96000000,0x000000dd96100000) (1024K)]
  0x000002d2cf2e4770 JavaThread "Attach Listener"            daemon [_thread_blocked, id=14024, stack(0x000000dd96100000,0x000000dd96200000) (1024K)]
  0x000002d2cf2e5580 JavaThread "Service Thread"             daemon [_thread_blocked, id=1248, stack(0x000000dd96200000,0x000000dd96300000) (1024K)]
  0x000002d2cf2e6fe0 JavaThread "Monitor Deflation Thread"   daemon [_thread_blocked, id=6208, stack(0x000000dd96300000,0x000000dd96400000) (1024K)]
  0x000002d2cf2e7d60 JavaThread "C2 CompilerThread0"         daemon [_thread_in_native, id=13264, stack(0x000000dd96400000,0x000000dd96500000) (1024K)]
  0x000002d2cf358b40 JavaThread "C1 CompilerThread0"         daemon [_thread_blocked, id=7528, stack(0x000000dd96500000,0x000000dd96600000) (1024K)]
  0x000002d2cf3a9320 JavaThread "Common-Cleaner"             daemon [_thread_blocked, id=14012, stack(0x000000dd96600000,0x000000dd96700000) (1024K)]
  0x000002d3151a0760 JavaThread "Notification Thread"        daemon [_thread_blocked, id=11672, stack(0x000000dd96700000,0x000000dd96800000) (1024K)]
  0x000002d315175ed0 JavaThread "C2 CompilerThread1"         daemon [_thread_in_native, id=11916, stack(0x000000dd96800000,0x000000dd96900000) (1024K)]
Total: 12

Other Threads:
  0x000002d2b89c0b90 VMThread "VM Thread"                           [id=5284, stack(0x000000dd95c00000,0x000000dd95d00000) (1024K)]
  0x000002d2cf28cb40 WatcherThread "VM Periodic Task Thread"        [id=10436, stack(0x000000dd95b00000,0x000000dd95c00000) (1024K)]
  0x000002d2b891cf20 WorkerThread "GC Thread#0"                     [id=10668, stack(0x000000dd95a00000,0x000000dd95b00000) (1024K)]
Total: 3

Threads with active compile tasks:
C2 CompilerThread0  1279  673       4       lombok.patcher.PatchScript::classMatches (41 bytes)
C2 CompilerThread1  1279  646       4       lombok.patcher.scripts.MethodLevelPatchScript::patch (21 bytes)
Total: 2

VM state: not at safepoint (normal execution)

VM Mutex/Monitor currently owned by a thread:  ([mutex/lock_event])
[0x00007ffa4706c308] Metaspace_lock - owner thread: 0x000002d2b88fe070

Heap address: 0x0000000080000000, size: 2048 MB, Compressed Oops mode: 32-bit

CDS archive(s) mapped at: [0x000002d2d0000000-0x000002d2d0ba0000-0x000002d2d0ba0000), size 12189696, SharedBaseAddress: 0x000002d2d0000000, ArchiveRelocationMode: 1.
Compressed class space mapped at: 0x000002d2d1000000-0x000002d311000000, reserved size: 1073741824
Narrow klass base: 0x000002d2d0000000, Narrow klass shift: 0, Narrow klass range: 0x100000000

GC Precious Log:
 CardTable entry size: 512
 CPUs: 4 total, 4 available
 Memory: 8057M
 Large Page Support: Disabled
 NUMA Support: Disabled
 Compressed Oops: Enabled (32-bit)
 Alignments: Space 512K, Generation 512K, Heap 2M
 Heap Min Capacity: 100M
 Heap Initial Capacity: 100M
 Heap Max Capacity: 2G
 Pre-touch: Disabled
 Parallel Workers: 4

Heap:
 PSYoungGen      total 29696K, used 12988K [0x00000000d5580000, 0x00000000d7680000, 0x0000000100000000)
  eden space 25600K, 50% used [0x00000000d5580000,0x00000000d622f1c0,0x00000000d6e80000)
  from space 4096K, 0% used [0x00000000d7280000,0x00000000d7280000,0x00000000d7680000)
  to   space 4096K, 0% used [0x00000000d6e80000,0x00000000d6e80000,0x00000000d7280000)
 ParOldGen       total 68608K, used 0K [0x0000000080000000, 0x0000000084300000, 0x00000000d5580000)
  object space 68608K, 0% used [0x0000000080000000,0x0000000080000000,0x0000000084300000)
 Metaspace       used 2331K, committed 2496K, reserved 1114112K
  class space    used 229K, committed 320K, reserved 1048576K

Card table byte_map: [0x000002d2b82b0000,0x000002d2b86c0000] _byte_map_base: 0x000002d2b7eb0000

Marking Bits: (ParMarkBitMap*) 0x00007ffa470731f0
 Begin Bits: [0x000002d2cadb0000, 0x000002d2ccdb0000)
 End Bits:   [0x000002d2ccdb0000, 0x000002d2cedb0000)

Polling page: 0x000002d2b66e0000

Metaspace:

Usage:
  Non-class:      2.05 MB used.
      Class:    229.49 KB used.
       Both:      2.28 MB used.

Virtual space:
  Non-class space:       64.00 MB reserved,       2.13 MB (  3%) committed,  1 nodes.
      Class space:        1.00 GB reserved,     320.00 KB ( <1%) committed,  1 nodes.
             Both:        1.06 GB reserved,       2.44 MB ( <1%) committed. 

Chunk freelists:
   Non-Class:  11.65 MB
       Class:  15.67 MB
        Both:  27.32 MB

MaxMetaspaceSize: unlimited
CompressedClassSpaceSize: 1.00 GB
Initial GC threshold: 21.00 MB
Current GC threshold: 21.00 MB
CDS: on
 - commit_granule_bytes: 65536.
 - commit_granule_words: 8192.
 - virtual_space_node_default_size: 8388608.
 - enlarge_chunks_in_place: 1.
 - use_allocation_guard: 0.


Internal statistics:

num_allocs_failed_limit: 0.
num_arena_births: 80.
num_arena_deaths: 0.
num_vsnodes_births: 2.
num_vsnodes_deaths: 0.
num_space_committed: 39.
num_space_uncommitted: 0.
num_chunks_returned_to_freelist: 0.
num_chunks_taken_from_freelist: 102.
num_chunk_merges: 0.
num_chunk_splits: 71.
num_chunks_enlarged: 46.
num_inconsistent_stats: 0.

CodeHeap 'non-profiled nmethods': size=120000Kb used=246Kb max_used=246Kb free=119753Kb
 bounds [0x000002d2c35d0000, 0x000002d2c3840000, 0x000002d2cab00000]
CodeHeap 'profiled nmethods': size=120000Kb used=984Kb max_used=984Kb free=119015Kb
 bounds [0x000002d2bbb00000, 0x000002d2bbd70000, 0x000002d2c3030000]
CodeHeap 'non-nmethods': size=5760Kb used=1179Kb max_used=1195Kb free=4580Kb
 bounds [0x000002d2c3030000, 0x000002d2c32a0000, 0x000002d2c35d0000]
 total_blobs=1106 nmethods=671 adapters=342
 compilation: enabled
              stopped_count=0, restarted_count=0
 full_count=0

Compilation events (20 events):
Event: 1.181 Thread 0x000002d2cf358b40  666       1       java.math.BigInteger::signum (5 bytes)
Event: 1.181 Thread 0x000002d2cf358b40 nmethod 666 0x000002d2c360ba90 code [0x000002d2c360bc20, 0x000002d2c360bce8]
Event: 1.181 Thread 0x000002d2cf358b40  664       3       java.util.LinkedHashMap::linkNodeAtEnd (76 bytes)
Event: 1.181 Thread 0x000002d2cf358b40 nmethod 664 0x000002d2bbbf2c10 code [0x000002d2bbbf2dc0, 0x000002d2bbbf30d0]
Event: 1.181 Thread 0x000002d2cf358b40  667       3       lombok.eclipse.agent.EclipsePatcher$1::shouldTransform (107 bytes)
Event: 1.182 Thread 0x000002d2cf358b40 nmethod 667 0x000002d2bbbf3210 code [0x000002d2bbbf3520, 0x000002d2bbbf4398]
Event: 1.183 Thread 0x000002d2cf358b40  668       3       java.util.regex.Pattern::isSupplementary (21 bytes)
Event: 1.183 Thread 0x000002d2cf358b40 nmethod 668 0x000002d2bbbf4890 code [0x000002d2bbbf4a40, 0x000002d2bbbf4c98]
Event: 1.183 Thread 0x000002d2cf358b40  669       3       java.lang.Character::isSurrogate (18 bytes)
Event: 1.184 Thread 0x000002d2cf358b40 nmethod 669 0x000002d2bbbf4d90 code [0x000002d2bbbf4f20, 0x000002d2bbbf5098]
Event: 1.184 Thread 0x000002d2cf358b40  670       3       java.util.regex.Pattern::peek (26 bytes)
Event: 1.184 Thread 0x000002d2cf358b40 nmethod 670 0x000002d2bbbf5110 code [0x000002d2bbbf52c0, 0x000002d2bbbf5518]
Event: 1.186 Thread 0x000002d2cf2e7d60 nmethod 661 0x000002d2c360bd90 code [0x000002d2c360bf60, 0x000002d2c360c358]
Event: 1.186 Thread 0x000002d2cf2e7d60  671       4       java.util.HashMap$KeyIterator::next (8 bytes)
Event: 1.187 Thread 0x000002d2cf358b40  672       3       java.lang.invoke.LambdaForm$NamedFunction::returnType (11 bytes)
Event: 1.188 Thread 0x000002d2cf358b40 nmethod 672 0x000002d2bbbf5610 code [0x000002d2bbbf5820, 0x000002d2bbbf5d38]
Event: 1.193 Thread 0x000002d2cf2e7d60 nmethod 671 0x000002d2c360c890 code [0x000002d2c360ca20, 0x000002d2c360ccb8]
Event: 1.193 Thread 0x000002d2cf2e7d60  665       4       java.lang.String::substring (58 bytes)
Event: 1.198 Thread 0x000002d2cf358b40  674       3       sun.security.util.DerInputStream::available (10 bytes)
Event: 1.198 Thread 0x000002d2cf358b40 nmethod 674 0x000002d2bbbf5f90 code [0x000002d2bbbf6120, 0x000002d2bbbf6230]

GC Heap History (0 events):
No events

Dll operation events (8 events):
Event: 0.007 Loaded shared library c:\Users\AndryRAK\.vscode\extensions\redhat.java-1.43.1-win32-x64\jre\21.0.7-win32-x86_64\bin\java.dll
Event: 0.287 Loaded shared library c:\Users\AndryRAK\.vscode\extensions\redhat.java-1.43.1-win32-x64\jre\21.0.7-win32-x86_64\bin\zip.dll
Event: 0.358 Loaded shared library C:\Users\AndryRAK\.vscode\extensions\redhat.java-1.43.1-win32-x64\jre\21.0.7-win32-x86_64\bin\instrument.dll
Event: 0.374 Loaded shared library C:\Users\AndryRAK\.vscode\extensions\redhat.java-1.43.1-win32-x64\jre\21.0.7-win32-x86_64\bin\net.dll
Event: 0.377 Loaded shared library C:\Users\AndryRAK\.vscode\extensions\redhat.java-1.43.1-win32-x64\jre\21.0.7-win32-x86_64\bin\nio.dll
Event: 0.382 Loaded shared library C:\Users\AndryRAK\.vscode\extensions\redhat.java-1.43.1-win32-x64\jre\21.0.7-win32-x86_64\bin\zip.dll
Event: 0.412 Loaded shared library C:\Users\AndryRAK\.vscode\extensions\redhat.java-1.43.1-win32-x64\jre\21.0.7-win32-x86_64\bin\jimage.dll
Event: 0.698 Loaded shared library c:\Users\AndryRAK\.vscode\extensions\redhat.java-1.43.1-win32-x64\jre\21.0.7-win32-x86_64\bin\verify.dll

Deoptimization events (20 events):
Event: 0.915 Thread 0x000002d2b88fe070 Uncommon trap: trap_request=0xffffffde fr.pc=0x000002d2c35dd054 relative=0x0000000000000814
Event: 0.915 Thread 0x000002d2b88fe070 Uncommon trap: reason=class_check action=maybe_recompile pc=0x000002d2c35dd054 method=java.util.HashMap.putVal(ILjava/lang/Object;Ljava/lang/Object;ZZ)Ljava/lang/Object; @ 152 c2
Event: 0.915 Thread 0x000002d2b88fe070 DEOPT PACKING pc=0x000002d2c35dd054 sp=0x000000dd959febe0
Event: 0.915 Thread 0x000002d2b88fe070 DEOPT UNPACKING pc=0x000002d2c3083aa2 sp=0x000000dd959feb40 mode 2
Event: 0.928 Thread 0x000002d2b88fe070 DEOPT PACKING pc=0x000002d2bbb36c58 sp=0x000000dd959fae40
Event: 0.928 Thread 0x000002d2b88fe070 DEOPT UNPACKING pc=0x000002d2c3084242 sp=0x000000dd959fa300 mode 0
Event: 0.930 Thread 0x000002d2b88fe070 DEOPT PACKING pc=0x000002d2bbb36b7f sp=0x000000dd959fa550
Event: 0.930 Thread 0x000002d2b88fe070 DEOPT UNPACKING pc=0x000002d2c3084242 sp=0x000000dd959f9a00 mode 0
Event: 0.933 Thread 0x000002d2b88fe070 DEOPT PACKING pc=0x000002d2bbb36c58 sp=0x000000dd959f9520
Event: 0.933 Thread 0x000002d2b88fe070 DEOPT UNPACKING pc=0x000002d2c3084242 sp=0x000000dd959f89e0 mode 0
Event: 0.934 Thread 0x000002d2b88fe070 DEOPT PACKING pc=0x000002d2bbb36b7f sp=0x000000dd959f9520
Event: 0.934 Thread 0x000002d2b88fe070 DEOPT UNPACKING pc=0x000002d2c3084242 sp=0x000000dd959f89d0 mode 0
Event: 1.111 Thread 0x000002d2b88fe070 Uncommon trap: trap_request=0xffffff45 fr.pc=0x000002d2c35feb04 relative=0x0000000000000164
Event: 1.111 Thread 0x000002d2b88fe070 Uncommon trap: reason=unstable_if action=reinterpret pc=0x000002d2c35feb04 method=jdk.internal.util.ArraysSupport.vectorizedHashCode(Ljava/lang/Object;IIII)I @ 2 c2
Event: 1.111 Thread 0x000002d2b88fe070 DEOPT PACKING pc=0x000002d2c35feb04 sp=0x000000dd959fca50
Event: 1.111 Thread 0x000002d2b88fe070 DEOPT UNPACKING pc=0x000002d2c3083aa2 sp=0x000000dd959fca00 mode 2
Event: 1.131 Thread 0x000002d2b88fe070 Uncommon trap: trap_request=0xffffff45 fr.pc=0x000002d2c35f2304 relative=0x00000000000000e4
Event: 1.131 Thread 0x000002d2b88fe070 Uncommon trap: reason=unstable_if action=reinterpret pc=0x000002d2c35f2304 method=java.net.URI.match(CJJ)Z @ 45 c2
Event: 1.131 Thread 0x000002d2b88fe070 DEOPT PACKING pc=0x000002d2c35f2304 sp=0x000000dd959fccf0
Event: 1.131 Thread 0x000002d2b88fe070 DEOPT UNPACKING pc=0x000002d2c3083aa2 sp=0x000000dd959fcc58 mode 2

Classes loaded (20 events):
Event: 1.183 Loading class sun/security/util/DisabledAlgorithmConstraints$DisabledConstraint done
Event: 1.183 Loading class sun/security/util/DisabledAlgorithmConstraints$Constraints$Holder
Event: 1.183 Loading class sun/security/util/DisabledAlgorithmConstraints$Constraints$Holder done
Event: 1.184 Loading class java/util/regex/Pattern$BnM
Event: 1.184 Loading class java/util/regex/Pattern$BnM done
Event: 1.184 Loading class java/util/regex/Pattern$SliceS
Event: 1.184 Loading class java/util/regex/Pattern$SliceS done
Event: 1.185 Loading class sun/security/util/DisabledAlgorithmConstraints$DenyAfterConstraint
Event: 1.185 Loading class sun/security/util/DisabledAlgorithmConstraints$DenyAfterConstraint done
Event: 1.189 Loading class java/time/ZonedDateTime
Event: 1.190 Loading class java/time/chrono/ChronoZonedDateTime
Event: 1.190 Loading class java/time/chrono/ChronoZonedDateTime done
Event: 1.191 Loading class java/time/ZonedDateTime done
Event: 1.197 Loading class java/time/zone/ZoneOffsetTransition
Event: 1.197 Loading class java/time/zone/ZoneOffsetTransition done
Event: 1.197 Loading class java/util/Collections$SingletonList
Event: 1.197 Loading class java/util/Collections$SingletonList done
Event: 1.198 Loading class sun/security/pkcs/PKCS9Attributes
Event: 1.198 Loading class sun/security/pkcs/PKCS9Attributes done
Event: 1.200 Loading class sun/security/pkcs/PKCS9Attribute

Classes unloaded (0 events):
No events

Classes redefined (0 events):
No events

Internal exceptions (12 events):
Event: 0.262 Thread 0x000002d2b88fe070 Exception <a 'java/lang/NoSuchMethodError'{0x00000000d57aa200}: 'void java.lang.invoke.DirectMethodHandle$Holder.invokeStatic(java.lang.Object, java.lang.Object, java.lang.Object)'> (0x00000000d57aa200) 
thrown [s\src\hotspot\share\interpreter\linkResolver.cpp, line 773]
Event: 0.404 Thread 0x000002d2b88fe070 Exception <a 'java/lang/NoSuchMethodError'{0x00000000d59123f8}: 'java.lang.Object java.lang.invoke.Invokers$Holder.invokeExact_MT(java.lang.Object, java.lang.Object, java.lang.Object, java.lang.Object, java.lang.Object)'> (0x00000000d59123f8) 
thrown [s\src\hotspot\share\interpreter\linkResolver.cpp, line 773]
Event: 0.518 Thread 0x000002d2b88fe070 Exception <a 'java/lang/NoSuchMethodError'{0x00000000d59ca3a0}: 'int java.lang.invoke.DirectMethodHandle$Holder.invokeSpecial(java.lang.Object, java.lang.Object, java.lang.Object, int)'> (0x00000000d59ca3a0) 
thrown [s\src\hotspot\share\interpreter\linkResolver.cpp, line 773]
Event: 0.521 Thread 0x000002d2b88fe070 Exception <a 'java/lang/NoSuchMethodError'{0x00000000d59dcd88}: 'java.lang.Object java.lang.invoke.DirectMethodHandle$Holder.invokeStatic(java.lang.Object, java.lang.Object, java.lang.Object, java.lang.Object, int)'> (0x00000000d59dcd88) 
thrown [s\src\hotspot\share\interpreter\linkResolver.cpp, line 773]
Event: 0.566 Thread 0x000002d2b88fe070 Exception <a 'java/lang/NoSuchMethodError'{0x00000000d59e81c8}: 'void java.lang.invoke.DelegatingMethodHandle$Holder.reinvoke_L(java.lang.Object, java.lang.Object, java.lang.Object, int, java.lang.Object)'> (0x00000000d59e81c8) 
thrown [s\src\hotspot\share\interpreter\linkResolver.cpp, line 773]
Event: 0.570 Thread 0x000002d2b88fe070 Exception <a 'java/lang/NoSuchMethodError'{0x00000000d59f8b18}: 'int java.lang.invoke.DirectMethodHandle$Holder.invokeSpecial(java.lang.Object, java.lang.Object, java.lang.Object)'> (0x00000000d59f8b18) 
thrown [s\src\hotspot\share\interpreter\linkResolver.cpp, line 773]
Event: 0.583 Thread 0x000002d2b88fe070 Exception <a 'java/lang/NoSuchMethodError'{0x00000000d5a047d8}: 'java.lang.Object java.lang.invoke.DirectMethodHandle$Holder.invokeStatic(java.lang.Object, java.lang.Object, int)'> (0x00000000d5a047d8) 
thrown [s\src\hotspot\share\interpreter\linkResolver.cpp, line 773]
Event: 0.585 Thread 0x000002d2b88fe070 Exception <a 'java/lang/NoSuchMethodError'{0x00000000d5a09128}: 'void java.lang.invoke.DirectMethodHandle$Holder.invokeStatic(java.lang.Object, java.lang.Object, int, java.lang.Object)'> (0x00000000d5a09128) 
thrown [s\src\hotspot\share\interpreter\linkResolver.cpp, line 773]
Event: 0.586 Thread 0x000002d2b88fe070 Exception <a 'java/lang/NoSuchMethodError'{0x00000000d5a0ccb8}: 'void java.lang.invoke.DirectMethodHandle$Holder.invokeSpecial(java.lang.Object, java.lang.Object, java.lang.Object, int, java.lang.Object)'> (0x00000000d5a0ccb8) 
thrown [s\src\hotspot\share\interpreter\linkResolver.cpp, line 773]
Event: 0.586 Thread 0x000002d2b88fe070 Exception <a 'java/lang/NoSuchMethodError'{0x00000000d5a10128}: 'void java.lang.invoke.DelegatingMethodHandle$Holder.delegate(java.lang.Object, java.lang.Object, int, java.lang.Object)'> (0x00000000d5a10128) 
thrown [s\src\hotspot\share\interpreter\linkResolver.cpp, line 773]
Event: 0.764 Thread 0x000002d2b88fe070 Exception <a 'java/lang/NoSuchMethodError'{0x00000000d5bd17d8}: 'void java.lang.invoke.DelegatingMethodHandle$Holder.reinvoke_L(java.lang.Object, java.lang.Object, java.lang.Object, int)'> (0x00000000d5bd17d8) 
thrown [s\src\hotspot\share\interpreter\linkResolver.cpp, line 773]
Event: 1.098 Thread 0x000002d2b88fe070 Exception <a 'java/lang/NoSuchMethodError'{0x00000000d60602f8}: 'void java.lang.invoke.DirectMethodHandle$Holder.invokeVirtual(java.lang.Object, java.lang.Object)'> (0x00000000d60602f8) 
thrown [s\src\hotspot\share\interpreter\linkResolver.cpp, line 773]

ZGC Phase Switch (0 events):
No events

VM Operations (4 events):
Event: 0.271 Executing VM operation: HandshakeAllThreads (Deoptimize)
Event: 0.271 Executing VM operation: HandshakeAllThreads (Deoptimize) done
Event: 0.438 Executing VM operation: HandshakeAllThreads (Deoptimize)
Event: 0.438 Executing VM operation: HandshakeAllThreads (Deoptimize) done

Memory protections (0 events):
No events

Nmethod flushes (0 events):
No events

Events (12 events):
Event: 0.075 Thread 0x000002d2b88fe070 Thread added: 0x000002d2b88fe070
Event: 0.115 Thread 0x000002d2b88fe070 Thread added: 0x000002d2cf2de500
Event: 0.116 Thread 0x000002d2b88fe070 Thread added: 0x000002d2cf2dfd60
Event: 0.116 Thread 0x000002d2b88fe070 Thread added: 0x000002d2cf2e3860
Event: 0.116 Thread 0x000002d2b88fe070 Thread added: 0x000002d2cf2e4770
Event: 0.116 Thread 0x000002d2b88fe070 Thread added: 0x000002d2cf2e5580
Event: 0.116 Thread 0x000002d2b88fe070 Thread added: 0x000002d2cf2e6fe0
Event: 0.116 Thread 0x000002d2b88fe070 Thread added: 0x000002d2cf2e7d60
Event: 0.130 Thread 0x000002d2b88fe070 Thread added: 0x000002d2cf358b40
Event: 0.224 Thread 0x000002d2b88fe070 Thread added: 0x000002d2cf3a9320
Event: 0.906 Thread 0x000002d2b88fe070 Thread added: 0x000002d3151a0760
Event: 1.150 Thread 0x000002d2cf358b40 Thread added: 0x000002d315175ed0


Dynamic libraries:
0x00007ff689850000 - 0x00007ff68985e000 	c:\Users\AndryRAK\.vscode\extensions\redhat.java-1.43.1-win32-x64\jre\21.0.7-win32-x86_64\bin\java.exe
0x00007ffa94780000 - 0x00007ffa9495b000 	C:\Windows\SYSTEM32\ntdll.dll
0x00007ffa91ce0000 - 0x00007ffa91d8e000 	C:\Windows\System32\KERNEL32.DLL
0x00007ffa91720000 - 0x00007ffa91969000 	C:\Windows\System32\KERNELBASE.dll
0x00007ffa91970000 - 0x00007ffa91a66000 	C:\Windows\System32\ucrtbase.dll
0x00007ffa74c60000 - 0x00007ffa74c78000 	c:\Users\AndryRAK\.vscode\extensions\redhat.java-1.43.1-win32-x64\jre\21.0.7-win32-x86_64\bin\jli.dll
0x00007ffa94100000 - 0x00007ffa9424a000 	C:\Windows\System32\USER32.dll
0x00007ffa90fa0000 - 0x00007ffa90fbe000 	C:\Windows\System32\win32u.dll
0x00007ffa93e40000 - 0x00007ffa93e67000 	C:\Windows\System32\GDI32.dll
0x00007ffa90d10000 - 0x00007ffa90e99000 	C:\Windows\System32\gdi32full.dll
0x00007ffa91c40000 - 0x00007ffa91cda000 	C:\Windows\System32\msvcp_win.dll
0x00007ffa74c40000 - 0x00007ffa74c5e000 	c:\Users\AndryRAK\.vscode\extensions\redhat.java-1.43.1-win32-x64\jre\21.0.7-win32-x86_64\bin\VCRUNTIME140.dll
0x00007ffa82480000 - 0x00007ffa826e7000 	C:\Windows\WinSxS\amd64_microsoft.windows.common-controls_6595b64144ccf1df_6.0.15063.0_none_108e4f62dfe5d999\COMCTL32.dll
0x00007ffa93f40000 - 0x00007ffa93fdd000 	C:\Windows\System32\msvcrt.dll
0x00007ffa942d0000 - 0x00007ffa945c9000 	C:\Windows\System32\combase.dll
0x00007ffa93d10000 - 0x00007ffa93e35000 	C:\Windows\System32\RPCRT4.dll
0x00007ffa90ca0000 - 0x00007ffa90d0a000 	C:\Windows\System32\bcryptPrimitives.dll
0x00007ffa93ba0000 - 0x00007ffa93bcd000 	C:\Windows\System32\IMM32.DLL
0x00007ffa85dd0000 - 0x00007ffa85ddc000 	c:\Users\AndryRAK\.vscode\extensions\redhat.java-1.43.1-win32-x64\jre\21.0.7-win32-x86_64\bin\vcruntime140_1.dll
0x00007ffa72980000 - 0x00007ffa72a0d000 	c:\Users\AndryRAK\.vscode\extensions\redhat.java-1.43.1-win32-x64\jre\21.0.7-win32-x86_64\bin\msvcp140.dll
0x00007ffa463c0000 - 0x00007ffa47150000 	c:\Users\AndryRAK\.vscode\extensions\redhat.java-1.43.1-win32-x64\jre\21.0.7-win32-x86_64\bin\server\jvm.dll
0x00007ffa91e00000 - 0x00007ffa91ea1000 	C:\Windows\System32\ADVAPI32.dll
0x00007ffa91da0000 - 0x00007ffa91df9000 	C:\Windows\System32\sechost.dll
0x00007ffa90c30000 - 0x00007ffa90c7c000 	C:\Windows\System32\POWRPROF.dll
0x00007ffa93ed0000 - 0x00007ffa93f3c000 	C:\Windows\System32\WS2_32.dll
0x00007ffa8f0e0000 - 0x00007ffa8f103000 	C:\Windows\SYSTEM32\WINMM.dll
0x00007ffa85430000 - 0x00007ffa8543a000 	C:\Windows\SYSTEM32\VERSION.dll
0x00007ffa8f080000 - 0x00007ffa8f0ab000 	C:\Windows\SYSTEM32\WINMMBASE.dll
0x00007ffa90ea0000 - 0x00007ffa90ee9000 	C:\Windows\System32\cfgmgr32.dll
0x00007ffa90c80000 - 0x00007ffa90c91000 	C:\Windows\System32\kernel.appcore.dll
0x00007ffa84260000 - 0x00007ffa8426a000 	c:\Users\AndryRAK\.vscode\extensions\redhat.java-1.43.1-win32-x64\jre\21.0.7-win32-x86_64\bin\jimage.dll
0x00007ffa8cdc0000 - 0x00007ffa8cf69000 	C:\Windows\SYSTEM32\DBGHELP.DLL
0x00007ffa7dcf0000 - 0x00007ffa7dd19000 	C:\Windows\SYSTEM32\dbgcore.DLL
0x00007ffa83b40000 - 0x00007ffa83b4f000 	c:\Users\AndryRAK\.vscode\extensions\redhat.java-1.43.1-win32-x64\jre\21.0.7-win32-x86_64\bin\instrument.dll
0x00007ffa74040000 - 0x00007ffa7405f000 	c:\Users\AndryRAK\.vscode\extensions\redhat.java-1.43.1-win32-x64\jre\21.0.7-win32-x86_64\bin\java.dll
0x00007ffa91ec0000 - 0x00007ffa932f7000 	C:\Windows\System32\SHELL32.dll
0x00007ffa93300000 - 0x00007ffa933aa000 	C:\Windows\System32\shcore.dll
0x00007ffa91020000 - 0x00007ffa91712000 	C:\Windows\System32\windows.storage.dll
0x00007ffa93bd0000 - 0x00007ffa93c21000 	C:\Windows\System32\shlwapi.dll
0x00007ffa90bf0000 - 0x00007ffa90c05000 	C:\Windows\System32\profapi.dll
0x00007ffa72790000 - 0x00007ffa727a8000 	c:\Users\AndryRAK\.vscode\extensions\redhat.java-1.43.1-win32-x64\jre\21.0.7-win32-x86_64\bin\zip.dll
0x00007ffa82290000 - 0x00007ffa822a0000 	C:\Users\AndryRAK\.vscode\extensions\redhat.java-1.43.1-win32-x64\jre\21.0.7-win32-x86_64\bin\net.dll
0x00007ffa84b60000 - 0x00007ffa84c37000 	C:\Windows\SYSTEM32\WINHTTP.dll
0x00007ffa904a0000 - 0x00007ffa904fc000 	C:\Windows\system32\mswsock.dll
0x00007ffa6fac0000 - 0x00007ffa6fad6000 	C:\Users\AndryRAK\.vscode\extensions\redhat.java-1.43.1-win32-x64\jre\21.0.7-win32-x86_64\bin\nio.dll
0x00007ffa79630000 - 0x00007ffa79640000 	c:\Users\AndryRAK\.vscode\extensions\redhat.java-1.43.1-win32-x64\jre\21.0.7-win32-x86_64\bin\verify.dll

dbghelp: loaded successfully - version: 4.0.5 - missing functions: none
symbol engine: initialized successfully - sym options: 0x614 - pdb path: .;c:\Users\AndryRAK\.vscode\extensions\redhat.java-1.43.1-win32-x64\jre\21.0.7-win32-x86_64\bin;C:\Windows\SYSTEM32;C:\Windows\WinSxS\amd64_microsoft.windows.common-controls_6595b64144ccf1df_6.0.15063.0_none_108e4f62dfe5d999;c:\Users\AndryRAK\.vscode\extensions\redhat.java-1.43.1-win32-x64\jre\21.0.7-win32-x86_64\bin\server

VM Arguments:
jvm_args: --add-modules=ALL-SYSTEM --add-opens=java.base/java.util=ALL-UNNAMED --add-opens=java.base/java.lang=ALL-UNNAMED --add-opens=java.base/sun.nio.fs=ALL-UNNAMED -Declipse.application=org.eclipse.jdt.ls.core.id1 -Dosgi.bundles.defaultStartLevel=4 -Declipse.product=org.eclipse.jdt.ls.core.product -Djava.import.generatesMetadataFilesAtProjectRoot=false -DDetectVMInstallationsJob.disabled=true -Dfile.encoding=utf8 -XX:+UseParallelGC -XX:GCTimeRatio=4 -XX:AdaptiveSizePolicyWeight=90 -Dsun.zip.disableMemoryMapping=true -Xmx2G -Xms100m -Xlog:disable -javaagent:c:\Users\AndryRAK\.vscode\extensions\redhat.java-1.43.1-win32-x64\lombok\lombok-1.18.39-4050.jar 
java_command: c:\Users\AndryRAK\.vscode\extensions\redhat.java-1.43.1-win32-x64\server\plugins\org.eclipse.equinox.launcher_1.7.0.v20250519-0528.jar -configuration c:\Users\AndryRAK\AppData\Roaming\Code\User\globalStorage\redhat.java\1.43.1\config_ss_win -data c:\Users\AndryRAK\AppData\Roaming\Code\User\workspaceStorage\1566b09e2c04269a2c28f4a28c2f4535\redhat.java\ss_ws --pipe=\\.\pipe\lsp-f481f9948a054a2f7abccf79f99057c2-sock
java_class_path (initial): c:\Users\AndryRAK\.vscode\extensions\redhat.java-1.43.1-win32-x64\server\plugins\org.eclipse.equinox.launcher_1.7.0.v20250519-0528.jar
Launcher Type: SUN_STANDARD

[Global flags]
    uintx AdaptiveSizePolicyWeight                 = 90                                        {product} {command line}
     intx CICompilerCount                          = 3                                         {product} {ergonomic}
    uintx GCTimeRatio                              = 4                                         {product} {command line}
   size_t InitialHeapSize                          = 104857600                                 {product} {command line}
   size_t MaxHeapSize                              = 2147483648                                {product} {command line}
   size_t MaxNewSize                               = 715653120                                 {product} {ergonomic}
   size_t MinHeapDeltaBytes                        = 524288                                    {product} {ergonomic}
   size_t MinHeapSize                              = 104857600                                 {product} {command line}
   size_t NewSize                                  = 34603008                                  {product} {ergonomic}
    uintx NonNMethodCodeHeapSize                   = 5832780                                {pd product} {ergonomic}
    uintx NonProfiledCodeHeapSize                  = 122912730                              {pd product} {ergonomic}
   size_t OldSize                                  = 70254592                                  {product} {ergonomic}
    uintx ProfiledCodeHeapSize                     = 122912730                              {pd product} {ergonomic}
    uintx ReservedCodeCacheSize                    = 251658240                              {pd product} {ergonomic}
     bool SegmentedCodeCache                       = true                                      {product} {ergonomic}
   size_t SoftMaxHeapSize                          = 2147483648                             {manageable} {ergonomic}
     bool UseCompressedOops                        = true                           {product lp64_product} {ergonomic}
     bool UseLargePagesIndividualAllocation        = false                                  {pd product} {ergonomic}
     bool UseParallelGC                            = true                                      {product} {command line}

Logging:
Log output configuration:
 #0: stdout all=off uptime,level,tags foldmultilines=false
 #1: stderr all=off uptime,level,tags foldmultilines=false

Environment Variables:
JAVA_HOME=C:\Users\AndryRAK\AppData\Local\Programs\Eclipse Adoptium\jdk-17.0.10.7-hotspot\
CLASSPATH=.;C:\connector\ojdbc6.jar;C:\connector\mysql-connector-j-9.1.0.jar;D:\lib\postgresql-42.6.0.jar;D:\lib\servlet-api.jar;
PATH=C:\app\AndryRAK\product\11.2.0\dbhome_1\bin;D:\app\AndryRAK\product\11.2.0\dbhome_2\bin;D:\home_oracle\bin;C:\Program Files\Common Files\Oracle\Java\javapath;C:\Windows\system32;C:\Windows;C:\Windows\System32\Wbem;C:\Windows\System32\WindowsPowerShell\v1.0\;C:\MinGW\bin;C:\xampp\php;C:\Program Files\Git\cmd;C:\Program Files\dotnet\;C:\Program Files\Microsoft SQL Server\150\Tools\Binn\;C:\Program Files\nodejs\;D:\mysql-connector-cpp\lib64;D:\cmake-4.0.1;C:\Program Files\CMake\bin;D:\mingw64\bin;C:\Users\AndryRAK\Desktop\C++\natation\SFML\bin;D:\apache-maven-3.9.6\bin;C:\Users\AndryRAK\AppData\Local\Programs\Microsoft VS Code\bin;C:\Users\AndryRAK\AppData\Local\Programs\Python\Python313\python.exe;C:\Users\AndryRAK\AppData\Local\Programs\Python\Python312\Scripts\;C:\Users\AndryRAK\AppData\Local\Programs\Python\Python312\;C:\Users\Andry RAK\AppData\Local\Programs\Python\Python313\Scripts\;C:\Users\Andry RAK\AppData\Local\Programs\Python\Python313\;C:\Users\Andry RAK\AppData\Local\Programs\Eclipse Adoptium\jdk-17.0.10.7-hotspot\bin;C:\Users\AndryRAK\AppData\Local\Microsoft\WindowsApps;C:\Users\Andry RAK\AppData\Local\Programs\Microsoft VS Code\bin;C:\Users\Andry RAK\AppData\Local\GitHubDesktop\bin;C:\Users\AndryRAK\.dotnet\tools;C:\Users\Andry RAK\AppData\Roaming\npm;C:\Users\AndryRAK\AppData\Local\GitHubDesktop\bin
USERNAME=Andry RAK
OS=Windows_NT
PROCESSOR_IDENTIFIER=Intel64 Family 6 Model 142 Stepping 9, GenuineIntel
TMP=C:\Users\AndryRAK\AppData\Local\Temp
TEMP=C:\Users\AndryRAK\AppData\Local\Temp




Periodic native trim disabled

---------------  S Y S T E M  ---------------

OS:
 Windows 10 , 64 bit Build 15063 (10.0.15063.0)
OS uptime: 0 days 17:46 hours

CPU: total 4 (initial active 4) (2 cores per cpu, 2 threads per core) family 6 model 142 stepping 9 microcode 0x8e, cx8, cmov, fxsr, ht, mmx, 3dnowpref, sse, sse2, sse3, ssse3, sse4.1, sse4.2, popcnt, lzcnt, tsc, tscinvbit, avx, avx2, aes, erms, clmul, bmi1, bmi2, adx, fma, vzeroupper, clflush, clflushopt, rdtscp, f16c
Processor Information for the first 4 processors :
  Max Mhz: 2400, Current Mhz: 2400, Mhz Limit: 2400

Memory: 4k page, system-wide physical 8057M (1900M free)
TotalPageFile size 9281M (AvailPageFile size 146M)
current process WorkingSet (physical memory assigned to process): 56M, peak: 57M
current process commit charge ("private bytes"): 218M, peak: 219M

vm_info: OpenJDK 64-Bit Server VM (21.0.7+6-LTS) for windows-amd64 JRE (21.0.7+6-LTS), built on 2025-04-15T00:00:00Z by "admin" with MS VC++ 17.7 (VS2022)

END.
